Using pre-set license
Built from '2020.3/staging' branch; Version is '2020.3.23f1 (c5d91304a876) revision 12966163'; Using compiler version '192528614'; Build Type 'Release'
OS: 'Windows 10 Pro; OS build 19042.1415; Version 2009; 64bit' Language: 'es' Physical Memory: 16332 MB
BatchMode: 1, IsHumanControllingUs: 0, StartBugReporterOnCrash: 0, Is64bit: 1, IsPro: 0

COMMAND LINE ARGUMENTS:
G:\Programas\Unity\2020.3.23f1\Editor\Unity.exe
-adb2
-batchMode
-noUpm
-name
AssetImportWorker0
-projectPath
D:/GitHub Proyects/Multiplayer2D/Multiplayer2D
-logFile
Logs/AssetImportWorker0.log
-srvPort
51965
Successfully changed project path to: D:/GitHub Proyects/Multiplayer2D/Multiplayer2D
D:/GitHub Proyects/Multiplayer2D/Multiplayer2D
Using Asset Import Pipeline V2.
Refreshing native plugins compatible for Editor in 207.28 ms, found 3 plugins.
Preloading 0 native plugins for Editor in 0.00 ms.
Initialize engine version: 2020.3.23f1 (c5d91304a876)
[Subsystems] Discovering subsystems at path G:/Programas/Unity/2020.3.23f1/Editor/Data/Resources/UnitySubsystems
[Subsystems] Discovering subsystems at path D:/GitHub Proyects/Multiplayer2D/Multiplayer2D/Assets
GfxDevice: creating device client; threaded=0
Direct3D:
    Version:  Direct3D 11.0 [level 11.1]
    Renderer: NVIDIA GeForce GTX 1070 (ID=0x1b81)
    Vendor:   
    VRAM:     8088 MB
    Driver:   30.0.14.9709
Initialize mono
Mono path[0] = 'G:/Programas/Unity/2020.3.23f1/Editor/Data/Managed'
Mono path[1] = 'G:/Programas/Unity/2020.3.23f1/Editor/Data/MonoBleedingEdge/lib/mono/unityjit'
Mono config path = 'G:/Programas/Unity/2020.3.23f1/Editor/Data/MonoBleedingEdge/etc'
Using monoOptions --debugger-agent=transport=dt_socket,embedding=1,server=y,suspend=n,address=127.0.0.1:56928
Begin MonoManager ReloadAssembly
Registering precompiled unity dll's ...
Register platform support module: G:/Programas/Unity/2020.3.23f1/Editor/Data/PlaybackEngines/WindowsStandaloneSupport/UnityEditor.WindowsStandalone.Extensions.dll
Registered in 0.002516 seconds.
Native extension for WindowsStandalone target not found
Refreshing native plugins compatible for Editor in 41.66 ms, found 3 plugins.
Preloading 0 native plugins for Editor in 0.00 ms.
Mono: successfully reloaded assembly
- Completed reload, in  0.488 seconds
Domain Reload Profiling:
	ReloadAssembly (489ms)
		BeginReloadAssembly (44ms)
			ExecutionOrderSort (0ms)
			DisableScriptedObjects (0ms)
			BackupInstance (0ms)
			ReleaseScriptingObjects (0ms)
			CreateAndSetChildDomain (1ms)
		EndReloadAssembly (387ms)
			LoadAssemblies (47ms)
			RebuildTransferFunctionScriptingTraits (0ms)
			SetupTypeCache (116ms)
			ReleaseScriptCaches (0ms)
			RebuildScriptCaches (24ms)
			SetupLoadedEditorAssemblies (161ms)
				LogAssemblyErrors (0ms)
				InitializePlatformSupportModulesInManaged (4ms)
				SetLoadedEditorAssemblies (0ms)
				RefreshPlugins (42ms)
				BeforeProcessingInitializeOnLoad (14ms)
				ProcessInitializeOnLoadAttributes (63ms)
				ProcessInitializeOnLoadMethodAttributes (37ms)
				AfterProcessingInitializeOnLoad (0ms)
				EditorAssembliesLoaded (0ms)
			ExecutionOrderSort2 (0ms)
			AwakeInstancesAfterBackupRestoration (0ms)
Platform modules already initialized, skipping
Registering precompiled user dll's ...
Registered in 0.112713 seconds.
Begin MonoManager ReloadAssembly
Native extension for WindowsStandalone target not found
Refreshing native plugins compatible for Editor in 40.45 ms, found 3 plugins.
Preloading 0 native plugins for Editor in 0.00 ms.
Mono: successfully reloaded assembly
- Completed reload, in  3.336 seconds
Domain Reload Profiling:
	ReloadAssembly (3337ms)
		BeginReloadAssembly (119ms)
			ExecutionOrderSort (0ms)
			DisableScriptedObjects (4ms)
			BackupInstance (0ms)
			ReleaseScriptingObjects (0ms)
			CreateAndSetChildDomain (15ms)
		EndReloadAssembly (3170ms)
			LoadAssemblies (2525ms)
			RebuildTransferFunctionScriptingTraits (0ms)
			SetupTypeCache (238ms)
			ReleaseScriptCaches (0ms)
			RebuildScriptCaches (38ms)
			SetupLoadedEditorAssemblies (279ms)
				LogAssemblyErrors (0ms)
				InitializePlatformSupportModulesInManaged (3ms)
				SetLoadedEditorAssemblies (0ms)
				RefreshPlugins (41ms)
				BeforeProcessingInitializeOnLoad (61ms)
				ProcessInitializeOnLoadAttributes (155ms)
				ProcessInitializeOnLoadMethodAttributes (17ms)
				AfterProcessingInitializeOnLoad (2ms)
				EditorAssembliesLoaded (0ms)
			ExecutionOrderSort2 (0ms)
			AwakeInstancesAfterBackupRestoration (5ms)
Platform modules already initialized, skipping
========================================================================
Worker process is ready to serve import requests
Launched and connected shader compiler UnityShaderCompiler.exe after 0.04 seconds
Refreshing native plugins compatible for Editor in 0.47 ms, found 3 plugins.
Preloading 0 native plugins for Editor in 0.00 ms.
Unloading 2226 Unused Serialized files (Serialized files now loaded: 0)
System memory in use before: 98.6 MB.
System memory in use after: 98.7 MB.

Unloading 28 unused Assets to reduce memory usage. Loaded Objects now: 2661.
Total: 2.797300 ms (FindLiveObjects: 0.221200 ms CreateObjectMapping: 0.052600 ms MarkObjects: 2.464900 ms  DeleteObjects: 0.057500 ms)

AssetImportParameters requested are different than current active one (requested -> active):
  custom:framework-win-MediaFoundation: 216162199b28c13a410421893ffa2e32 -> 
  custom:video-decoder-ogg-theora: a1e56fd34408186e4bbccfd4996cb3dc -> 
  custom:container-muxer-webm: aa71ff27fc2769a1b78a27578f13a17b -> 
  custom:container-demuxer-webm: 4f35f7cbe854078d1ac9338744f61a02 -> 
  custom:container-demuxer-ogg: 62fdf1f143b41e24485cea50d1cbac27 -> 
  custom:video-encoder-webm-vp8: eb34c28f22e8b96e1ab97ce403110664 -> 
  custom:video-decoder-webm-vp8: 9c59270c3fd7afecdb556c50c9e8de78 -> 
  custom:audio-decoder-ogg-vorbis: bf7c407c2cedff20999df2af8eb42d56 -> 
  custom:audio-encoder-webm-vorbis: bf7c407c2cedff20999df2af8eb42d56 -> 
========================================================================
Received Import Request.
  path: Assets/Sounds/Vehicle_Essentials/Vehicle_Van/Vehicle_Van_Drive
  artifactKey: Guid(8e01f20967ad008418dd6b2728dd04c3) Importer(815301076,1909f56bfc062723c751e8b465ee728b)
Start importing Assets/Sounds/Vehicle_Essentials/Vehicle_Van/Vehicle_Van_Drive using Guid(8e01f20967ad008418dd6b2728dd04c3) Importer(815301076,1909f56bfc062723c751e8b465ee728b)  -> (artifact id: 'f0b562d6078a11aa113edafad8e71d4b') in 0.005792 seconds 
  Import took 0.041523 seconds .

========================================================================
Received Import Request.
  Time since last request: 0.001050 seconds.
  path: Assets/Sounds/Vehicle_Essentials/Vehicle_Van/Vehicle_Van_Drive/Vehicle_Van_Drive_Dirty_Ground_Exterior_Loop.wav
  artifactKey: Guid(97ac29d0d98da9247b39fcdee7c110ec) Importer(815301076,1909f56bfc062723c751e8b465ee728b)
Start importing Assets/Sounds/Vehicle_Essentials/Vehicle_Van/Vehicle_Van_Drive/Vehicle_Van_Drive_Dirty_Ground_Exterior_Loop.wav using Guid(97ac29d0d98da9247b39fcdee7c110ec) Importer(815301076,1909f56bfc062723c751e8b465ee728b)  -> (artifact id: 'ddb5105b9eb2f39601314a2746830e0d') in 0.075939 seconds 
  Import took 0.101279 seconds .

========================================================================
Received Import Request.
  Time since last request: 0.001065 seconds.
  path: Assets/TextMesh Pro
  artifactKey: Guid(f54d1bd14bd3ca042bd867b519fee8cc) Importer(815301076,1909f56bfc062723c751e8b465ee728b)
Start importing Assets/TextMesh Pro using Guid(f54d1bd14bd3ca042bd867b519fee8cc) Importer(815301076,1909f56bfc062723c751e8b465ee728b)  -> (artifact id: '16b4cbde9565bf190136f1148817e1ea') in 0.003090 seconds 
  Import took 0.024076 seconds .

========================================================================
Received Import Request.
  Time since last request: 0.001118 seconds.
  path: Assets/Sounds/Vehicle_Essentials/Vehicle_Van/Vehicle_Van_Drive/Vehicle_Van_Drive_Exterior_Loop_01.wav
  artifactKey: Guid(63e19e295f741174f98649311d2dba9c) Importer(815301076,1909f56bfc062723c751e8b465ee728b)
Start importing Assets/Sounds/Vehicle_Essentials/Vehicle_Van/Vehicle_Van_Drive/Vehicle_Van_Drive_Exterior_Loop_01.wav using Guid(63e19e295f741174f98649311d2dba9c) Importer(815301076,1909f56bfc062723c751e8b465ee728b)  -> (artifact id: '838bf36dfe4bd95f02b5bda94220f03f') in 0.012997 seconds 
  Import took 0.029460 seconds .

========================================================================
Received Import Request.
  Time since last request: 0.000833 seconds.
  path: Assets/Sounds/Vehicle_Essentials/Vehicle_Van/Vehicle_Van_Drive/Vehicle_Van_Drive_Grass_Exterior_Loop.wav
  artifactKey: Guid(e54eb95f3bbb6f24a83d139e67ccd1eb) Importer(815301076,1909f56bfc062723c751e8b465ee728b)
Start importing Assets/Sounds/Vehicle_Essentials/Vehicle_Van/Vehicle_Van_Drive/Vehicle_Van_Drive_Grass_Exterior_Loop.wav using Guid(e54eb95f3bbb6f24a83d139e67ccd1eb) Importer(815301076,1909f56bfc062723c751e8b465ee728b)  -> (artifact id: '4dbb0c429c7dcd48de16eb41b8c71078') in 0.010149 seconds 
  Import took 0.061150 seconds .

========================================================================
Received Import Request.
  Time since last request: 0.000809 seconds.
  path: Assets/Sounds/Vehicle_Essentials/Vehicle_Van/Vehicle_Van_Engine
  artifactKey: Guid(327a94feae4014346bddd99a15b47a70) Importer(815301076,1909f56bfc062723c751e8b465ee728b)
Start importing Assets/Sounds/Vehicle_Essentials/Vehicle_Van/Vehicle_Van_Engine using Guid(327a94feae4014346bddd99a15b47a70) Importer(815301076,1909f56bfc062723c751e8b465ee728b)  -> (artifact id: '49ce37ab34ac3200cbb9d6fe84f55ab2') in 0.003519 seconds 
  Import took 0.022290 seconds .

========================================================================
Received Import Request.
  Time since last request: 0.000827 seconds.
  path: Assets/Sounds/Vehicle_Essentials/Vehicle_Van
  artifactKey: Guid(06cbc0df9cbdc6743ba81878ae47f383) Importer(815301076,1909f56bfc062723c751e8b465ee728b)
Start importing Assets/Sounds/Vehicle_Essentials/Vehicle_Van using Guid(06cbc0df9cbdc6743ba81878ae47f383) Importer(815301076,1909f56bfc062723c751e8b465ee728b)  -> (artifact id: '01cf93e8e54da3643632068df0f2e5c0') in 0.003952 seconds 
  Import took 0.030273 seconds .

========================================================================
Received Import Request.
  Time since last request: 0.000828 seconds.
  path: Assets/Sounds/Vehicle_Essentials
  artifactKey: Guid(a91a9760720a08843a150138544c5818) Importer(815301076,1909f56bfc062723c751e8b465ee728b)
Start importing Assets/Sounds/Vehicle_Essentials using Guid(a91a9760720a08843a150138544c5818) Importer(815301076,1909f56bfc062723c751e8b465ee728b)  -> (artifact id: 'ddd098ae0b07339d0fb5fe82ddf5a827') in 0.004062 seconds 
  Import took 0.015918 seconds .

========================================================================
Received Import Request.
  Time since last request: 0.000935 seconds.
  path: Assets/Sounds/Vehicle_Essentials/Vehicle_Van/Vehicle_Van_Drive/Vehicle_Van_Drive_Interior_Loop_01.wav
  artifactKey: Guid(8e9508c67d0bfb44b8bd84105b7c8429) Importer(815301076,1909f56bfc062723c751e8b465ee728b)
Start importing Assets/Sounds/Vehicle_Essentials/Vehicle_Van/Vehicle_Van_Drive/Vehicle_Van_Drive_Interior_Loop_01.wav using Guid(8e9508c67d0bfb44b8bd84105b7c8429) Importer(815301076,1909f56bfc062723c751e8b465ee728b)  -> (artifact id: 'ddfe5de57201ab0bc5fbf8cd508a0e18') in 0.013484 seconds 
  Import took 0.030697 seconds .

========================================================================
Received Import Request.
  Time since last request: 0.000828 seconds.
  path: Assets/Sounds/Vehicle_Essentials/Vehicle_Van/Vehicle_Van_Drive/Vehicle_Van_Drive_Interior_Loop_02.wav
  artifactKey: Guid(79519d01cdcbca04bb4bec6ac022a593) Importer(815301076,1909f56bfc062723c751e8b465ee728b)
Start importing Assets/Sounds/Vehicle_Essentials/Vehicle_Van/Vehicle_Van_Drive/Vehicle_Van_Drive_Interior_Loop_02.wav using Guid(79519d01cdcbca04bb4bec6ac022a593) Importer(815301076,1909f56bfc062723c751e8b465ee728b)  -> (artifact id: '8118f56943d342e8a75629c517e952c8') in 0.010023 seconds 
  Import took 0.055245 seconds .

========================================================================
Received Import Request.
  Time since last request: 0.001934 seconds.
  path: Assets/Sounds/Vehicle_Essentials/Vehicle_Van/Vehicle_Van_Drive/Vehicle_Van_Drive_Exterior_Loop_02.wav
  artifactKey: Guid(f9f4e3f34703a5a4a86b3d8286c1bbe7) Importer(815301076,1909f56bfc062723c751e8b465ee728b)
Start importing Assets/Sounds/Vehicle_Essentials/Vehicle_Van/Vehicle_Van_Drive/Vehicle_Van_Drive_Exterior_Loop_02.wav using Guid(f9f4e3f34703a5a4a86b3d8286c1bbe7) Importer(815301076,1909f56bfc062723c751e8b465ee728b)  -> (artifact id: 'cfbb71dd43c53265000b3bcb474d95f3') in 0.037842 seconds 
  Import took 0.077202 seconds .

AssetImportWorkerClient::OnTransportError - code=2 error=End of file
